TN:
SF:src/access.ts
FN:1,(anonymous_0)
FN:7,(anonymous_1)
FN:17,(anonymous_2)
FN:24,(anonymous_3)
FNF:4
FNH:4
FNDA:13,(anonymous_0)
FNDA:2,(anonymous_1)
FNDA:1,(anonymous_2)
FNDA:13,(anonymous_3)
DA:1,1
DA:7,13
DA:8,2
DA:9,1
DA:11,1
DA:13,2
DA:14,2
DA:17,13
DA:18,1
DA:19,1
DA:20,1
DA:24,13
DA:25,13
DA:26,13
DA:27,13
DA:30,13
DA:32,13
DA:33,6
DA:34,6
DA:35,1
DA:37,6
DA:38,6
DA:39,5
DA:40,5
DA:41,5
DA:44,1
DA:45,1
DA:46,0
DA:48,1
DA:51,7
DA:52,7
DA:53,3
DA:55,7
LF:33
LH:32
BRDA:8,0,0,1
BRDA:8,0,1,1
BRDA:9,1,0,1
BRDA:9,1,1,0
BRDA:18,2,0,1
BRDA:18,2,1,0
BRDA:18,3,0,1
BRDA:18,3,1,1
BRDA:32,4,0,6
BRDA:32,4,1,7
BRDA:34,5,0,1
BRDA:34,5,1,5
BRDA:38,6,0,5
BRDA:38,6,1,1
BRDA:45,7,0,0
BRDA:45,7,1,1
BRDA:52,8,0,3
BRDA:52,8,1,4
BRF:18
BRH:15
end_of_record
TN:
SF:src/announce.ts
FN:3,(anonymous_0)
FN:6,(anonymous_1)
FNF:2
FNH:2
FNDA:26,(anonymous_0)
FNDA:52,(anonymous_1)
DA:1,1
DA:3,1
DA:4,26
DA:6,26
DA:7,52
DA:8,52
DA:9,52
DA:12,26
DA:13,19
DA:14,19
DA:15,19
DA:18,26
DA:19,26
DA:20,26
DA:22,26
DA:23,0
DA:25,26
DA:27,26
LF:18
LH:17
BRDA:3,0,0,22
BRDA:12,1,0,19
BRDA:12,1,1,7
BRDA:22,2,0,0
BRDA:22,2,1,26
BRF:5
BRH:4
end_of_record
TN:
SF:src/aria-hide.ts
FN:1,(anonymous_0)
FN:21,(anonymous_1)
FNF:2
FNH:2
FNDA:14,(anonymous_0)
FNDA:11,(anonymous_1)
DA:1,1
DA:2,14
DA:4,14
DA:6,14
DA:8,14
DA:9,2
DA:12,12
DA:14,12
DA:15,14
DA:16,14
DA:17,14
DA:21,1
DA:22,11
DA:23,11
DA:25,11
DA:27,11
DA:28,9
DA:29,9
DA:30,9
DA:31,5
DA:32,4
DA:33,4
DA:35,9
LF:23
LH:23
BRDA:2,0,0,14
BRDA:2,0,1,1
BRDA:4,1,0,1
BRDA:4,1,1,13
BRDA:4,2,0,14
BRDA:4,2,1,13
BRDA:8,3,0,2
BRDA:8,3,1,12
BRDA:16,4,0,14
BRDA:16,4,1,11
BRDA:22,5,0,11
BRDA:22,5,1,1
BRDA:30,6,0,5
BRDA:30,6,1,4
BRDA:30,7,0,0
BRDA:30,7,1,9
BRDA:30,8,0,9
BRDA:30,8,1,9
BRDA:32,9,0,4
BRDA:32,9,1,0
BRF:20
BRH:18
end_of_record
TN:
SF:src/prefers-reduced-motion.ts
FN:5,prmTest
FNF:1
FNH:1
FNDA:29,prmTest
DA:3,15
DA:6,29
DA:7,29
DA:8,29
DA:9,12
DA:11,17
DA:13,29
DA:16,14
DA:18,14
LF:9
LH:9
BRDA:6,0,0,29
BRDA:6,0,1,28
BRDA:6,0,2,27
BRDA:6,0,3,26
BRDA:8,1,0,12
BRDA:8,1,1,17
BRF:6
BRH:6
end_of_record
