TN:
SF:src/access.ts
FN:3,(anonymous_0)
FN:8,(anonymous_1)
FN:13,(anonymous_2)
FN:20,(anonymous_3)
FNF:4
FNH:4
FNDA:13,(anonymous_0)
FNDA:2,(anonymous_1)
FNDA:1,(anonymous_2)
FNDA:13,(anonymous_3)
DA:1,1
DA:3,1
DA:8,13
DA:9,2
DA:10,2
DA:13,13
DA:14,1
DA:15,1
DA:16,1
DA:20,13
DA:21,13
DA:22,13
DA:23,13
DA:26,13
DA:28,13
DA:29,6
DA:30,6
DA:31,1
DA:33,6
DA:34,6
DA:35,5
DA:36,5
DA:37,5
DA:40,1
DA:41,1
DA:44,7
LF:26
LH:26
BRDA:14,0,0,1
BRDA:14,0,1,0
BRDA:14,1,0,1
BRDA:14,1,1,1
BRDA:28,2,0,6
BRDA:28,2,1,7
BRDA:30,3,0,1
BRDA:30,3,1,5
BRDA:34,4,0,5
BRDA:34,4,1,1
BRF:10
BRH:9
end_of_record
TN:
SF:src/announce.ts
FN:3,(anonymous_0)
FN:6,(anonymous_1)
FNF:2
FNH:2
FNDA:26,(anonymous_0)
FNDA:52,(anonymous_1)
DA:1,1
DA:3,1
DA:4,26
DA:6,26
DA:7,52
DA:8,52
DA:9,52
DA:12,26
DA:13,19
DA:14,19
DA:15,19
DA:18,26
DA:19,26
DA:20,26
DA:22,26
DA:23,0
DA:25,26
DA:27,26
LF:18
LH:17
BRDA:3,0,0,22
BRDA:12,1,0,19
BRDA:12,1,1,7
BRDA:22,2,0,0
BRDA:22,2,1,26
BRF:5
BRH:4
end_of_record
TN:
SF:src/aria-hide.ts
FN:3,(anonymous_0)
FN:22,(anonymous_1)
FNF:2
FNH:2
FNDA:14,(anonymous_0)
FNDA:11,(anonymous_1)
DA:1,1
DA:3,1
DA:4,14
DA:6,14
DA:8,14
DA:10,14
DA:11,2
DA:14,12
DA:16,12
DA:17,14
DA:18,14
DA:22,1
DA:23,11
DA:24,11
DA:26,11
DA:28,11
DA:29,9
DA:30,9
DA:31,9
LF:19
LH:19
BRDA:4,0,0,14
BRDA:4,0,1,1
BRDA:6,1,0,1
BRDA:6,1,1,13
BRDA:6,2,0,14
BRDA:6,2,1,13
BRDA:10,3,0,2
BRDA:10,3,1,12
BRDA:23,4,0,11
BRDA:23,4,1,1
BRDA:30,5,0,9
BRDA:30,5,1,0
BRF:12
BRH:11
end_of_record
TN:
SF:src/prefers-reduced-motion.ts
FN:5,prmTest
FNF:1
FNH:1
FNDA:29,prmTest
DA:3,15
DA:6,29
DA:7,29
DA:8,29
DA:9,12
DA:11,17
DA:13,29
DA:16,14
DA:18,14
LF:9
LH:9
BRDA:6,0,0,29
BRDA:6,0,1,28
BRDA:6,0,2,27
BRDA:6,0,3,26
BRDA:8,1,0,12
BRDA:8,1,1,17
BRF:6
BRH:6
end_of_record
TN:
SF:src/tabindex-utils.ts
FN:10,(anonymous_0)
FN:18,(anonymous_1)
FN:27,(anonymous_2)
FN:40,(anonymous_3)
FNF:4
FNH:4
FNDA:27,(anonymous_0)
FNDA:27,(anonymous_1)
FNDA:11,(anonymous_2)
FNDA:9,(anonymous_3)
DA:5,2
DA:10,2
DA:11,27
DA:18,2
DA:19,27
DA:20,27
DA:21,27
DA:27,2
DA:28,11
DA:29,11
DA:30,5
DA:32,6
DA:34,11
DA:40,2
DA:41,9
LF:15
LH:15
BRDA:20,0,0,27
BRDA:20,0,1,21
BRDA:29,1,0,5
BRDA:29,1,1,6
BRDA:29,2,0,11
BRDA:29,2,1,5
BRF:6
BRH:6
end_of_record
